#
# There is insufficient memory for the Java Runtime Environment to continue.
# Native memory allocation (mmap) failed to map 4194304 bytes for G1 virtual space
# Possible reasons:
#   The system is out of physical RAM or swap space
#   The process is running with CompressedOops enabled, and the Java Heap may be blocking the growth of the native heap
# Possible solutions:
#   Reduce memory load on the system
#   Increase physical memory or swap space
#   Check if swap backing store is full
#   Decrease Java heap size (-Xmx/-Xms)
#   Decrease number of Java threads
#   Decrease Java thread stack sizes (-Xss)
#   Set larger code cache with -XX:ReservedCodeCacheSize=
#   JVM is running with Zero Based Compressed Oops mode in which the Java heap is
#     placed in the first 32GB address space. The Java Heap base address is the
#     maximum limit for the native heap growth. Please use -XX:HeapBaseMinAddress
#     to set the Java Heap base and to place the Java Heap above 32GB virtual address.
# This output file may be truncated or incomplete.
#
#  Out of Memory Error (os_windows.cpp:3469), pid=22264, tid=16612
#
# JRE version:  (17.0.1+12) (build )
# Java VM: Java HotSpot(TM) 64-Bit Server VM (17.0.1+12-LTS-39, mixed mode, sharing, tiered, compressed oops, compressed class ptrs, g1 gc, windows-amd64)
# No core dump will be written. Minidumps are not enabled by default on client versions of Windows
#

---------------  S U M M A R Y ------------

Command Line: -javaagent:C:\Program Files\JetBrains\IntelliJ IDEA Community Edition 2021.2.3\lib\idea_rt.jar=53420:C:\Program Files\JetBrains\IntelliJ IDEA Community Edition 2021.2.3\bin -Dfile.encoding=UTF-8 com.company.Main

Host: Intel(R) Core(TM) i5-10400F CPU @ 2.90GHz, 12 cores, 15G,  Windows 10 , 64 bit Build 19041 (10.0.19041.1566)
Time: Sat Mar 12 16:03:26 2022 RTZ 2 (s 10 , 64 bit Build 19041 (10.0.19041.1566) elapsed time: 0.007954 seconds (0d 0h 0m 0s)

---------------  T H R E A D  ---------------

Current thread (0x0000013f5dc4de10):  JavaThread "Unknown thread" [_thread_in_vm, id=16612, stack(0x000000338e300000,0x000000338e400000)]

Stack: [0x000000338e300000,0x000000338e400000]
Native frames: (J=compiled Java code, j=interpreted, Vv=VM code, C=native code)
V  [jvm.dll+0x66fa1a]
V  [jvm.dll+0x7ce5a4]
V  [jvm.dll+0x7cfd4e]
V  [jvm.dll+0x7d03b3]
V  [jvm.dll+0x242b05]
V  [jvm.dll+0x66ca39]
V  [jvm.dll+0x661502]
V  [jvm.dll+0x30081b]
V  [jvm.dll+0x307da6]
V  [jvm.dll+0x357a48]
V  [jvm.dll+0x357c4f]
V  [jvm.dll+0x2d7ad8]
V  [jvm.dll+0x2d8a44]
V  [jvm.dll+0x7a01e1]
V  [jvm.dll+0x365791]
V  [jvm.dll+0x77f6cc]
V  [jvm.dll+0x3e812f]
V  [jvm.dll+0x3e9bd1]
C  [jli.dll+0x527b]
C  [ucrtbase.dll+0x21bb2]
C  [KERNEL32.DLL+0x17034]
C  [ntdll.dll+0x52651]


---------------  P R O C E S S  ---------------

Threads class SMR info:
_java_thread_list=0x00007ffa9d557818, length=0, elements={
}

Java Threads: ( => current thread )

Other Threads:
  0x0000013f5dc9ca20 GCTaskThread "GC Thread#0" [stack: 0x000000338e400000,0x000000338e500000] [id=19072]
  0x0000013f5dcae700 ConcurrentGCThread "G1 Main Marker" [stack: 0x000000338e500000,0x000000338e600000] [id=15932]
  0x0000013f5dcaf7c0 ConcurrentGCThread "G1 Conc#0" [stack: 0x000000338e600000,0x000000338e700000] [id=21100]

[error occurred during error reporting (printing all threads), id 0xc0000005, EXCEPTION_ACCESS_VIOLATION (0xc0000005) at pc=0x00007ffa9cda84b7]

VM state: not at safepoint (not fully initialized)

VM Mutex/Monitor currently owned by a thread:  ([mutex/lock_event])
[0x0000013f5dc48870] Heap_lock - owner thread: 0x0000013f5dc4de10

Heap address: 0x0000000701800000, size: 4072 MB, Compressed Oops mode: Zero based, Oop shift amount: 3

CDS archive(s) mapped at: [0x0000000000000000-0x0000000000000000-0x0000000000000000), size 0, SharedBaseAddress: 0x0000000800000000, ArchiveRelocationMode: 0.
Narrow klass base: 0x0000000000000000, Narrow klass shift: 0, Narrow klass range: 0x0

GC Precious Log:
<Empty>

Heap:
 garbage-first heap   total 0K, used 0K [0x0000000701800000, 0x0000000800000000)
  region size 2048K, 0 young (0K), 0 survivors (0K)

[error occurred during error reporting (printing heap information), id 0xc0000005, EXCEPTION_ACCESS_VIOLATION (0xc0000005) at pc=0x00007ffa9d188d89]

GC Heap History (0 events):
No events

Deoptimization events (0 events):
No events

Classes unloaded (0 events):
No events

Classes redefined (0 events):
No events

Internal exceptions (0 events):
No events

VM Operations (0 events):
No events

Events (1 events):
Event: 0.004 Loaded shared library C:\Program Files\Java\jdk-17.0.1\bin\java.dll


Dynamic libraries:
0x00007ff6495c0000 - 0x00007ff6495d0000 	C:\Program Files\Java\jdk-17.0.1\bin\java.exe
0x00007ffad5390000 - 0x00007ffad5585000 	C:\Windows\SYSTEM32\ntdll.dll
0x00007ffad40e0000 - 0x00007ffad419e000 	C:\Windows\System32\KERNEL32.DLL
0x00007ffad2b60000 - 0x00007ffad2e28000 	C:\Windows\System32\KERNELBASE.dll
0x00007ffad3160000 - 0x00007ffad3260000 	C:\Windows\System32\ucrtbase.dll
0x00007ffad02f0000 - 0x00007ffad030a000 	C:\Program Files\Java\jdk-17.0.1\bin\VCRUNTIME140.dll
0x00007ffad02d0000 - 0x00007ffad02e8000 	C:\Program Files\Java\jdk-17.0.1\bin\jli.dll
0x00007ffad4020000 - 0x00007ffad40ce000 	C:\Windows\System32\ADVAPI32.dll
0x00007ffad4fe0000 - 0x00007ffad507e000 	C:\Windows\System32\msvcrt.dll
0x00007ffad5080000 - 0x00007ffad511c000 	C:\Windows\System32\sechost.dll
0x00007ffad5220000 - 0x00007ffad5345000 	C:\Windows\System32\RPCRT4.dll
0x00007ffad41a0000 - 0x00007ffad4340000 	C:\Windows\System32\USER32.dll
0x00007ffad33c0000 - 0x00007ffad33e2000 	C:\Windows\System32\win32u.dll
0x00007ffabb490000 - 0x00007ffabb72a000 	C:\Windows\WinSxS\amd64_microsoft.windows.common-controls_6595b64144ccf1df_6.0.19041.1110_none_60b5254171f9507e\COMCTL32.dll
0x00007ffad4d10000 - 0x00007ffad4d3b000 	C:\Windows\System32\GDI32.dll
0x00007ffad2f20000 - 0x00007ffad302b000 	C:\Windows\System32\gdi32full.dll
0x00007ffad30c0000 - 0x00007ffad315d000 	C:\Windows\System32\msvcp_win.dll
0x00007ffacc7c0000 - 0x00007ffacc7ca000 	C:\Windows\SYSTEM32\VERSION.dll
0x00007ffad51f0000 - 0x00007ffad5220000 	C:\Windows\System32\IMM32.DLL
0x00007ffad02c0000 - 0x00007ffad02cc000 	C:\Program Files\Java\jdk-17.0.1\bin\vcruntime140_1.dll
0x00007ffacdd90000 - 0x00007ffacde1d000 	C:\Program Files\Java\jdk-17.0.1\bin\msvcp140.dll
0x00007ffa9cac0000 - 0x00007ffa9d67e000 	C:\Program Files\Java\jdk-17.0.1\bin\server\jvm.dll
0x00007ffad49b0000 - 0x00007ffad49b8000 	C:\Windows\System32\PSAPI.DLL
0x00007ffad0240000 - 0x00007ffad0249000 	C:\Windows\SYSTEM32\WSOCK32.dll
0x00007ffac76b0000 - 0x00007ffac76d7000 	C:\Windows\SYSTEM32\WINMM.dll
0x00007ffad4dd0000 - 0x00007ffad4e3b000 	C:\Windows\System32\WS2_32.dll
0x00007ffad09e0000 - 0x00007ffad09f2000 	C:\Windows\SYSTEM32\kernel.appcore.dll
0x00007ffad02b0000 - 0x00007ffad02ba000 	C:\Program Files\Java\jdk-17.0.1\bin\jimage.dll
0x00007ffac2170000 - 0x00007ffac2354000 	C:\Windows\SYSTEM32\DBGHELP.DLL
0x00007ffabcac0000 - 0x00007ffabcaec000 	C:\Windows\SYSTEM32\dbgcore.DLL
0x00007ffad3030000 - 0x00007ffad30b2000 	C:\Windows\System32\bcryptPrimitives.dll
0x00007ffad02a0000 - 0x00007ffad02ae000 	C:\Program Files\Java\jdk-17.0.1\bin\instrument.dll
0x00007fface680000 - 0x00007fface6a5000 	C:\Program Files\Java\jdk-17.0.1\bin\java.dll

dbghelp: loaded successfully - version: 4.0.5 - missing functions: none
symbol engine: initialized successfully - sym options: 0x614 - pdb path: .;C:\Program Files\Java\jdk-17.0.1\bin;C:\Windows\SYSTEM32;C:\Windows\WinSxS\amd64_microsoft.windows.common-controls_6595b64144ccf1df_6.0.19041.1110_none_60b5254171f9507e;C:\Program Files\Java\jdk-17.0.1\bin\server

VM Arguments:
jvm_args: -javaagent:C:\Program Files\JetBrains\IntelliJ IDEA Community Edition 2021.2.3\lib\idea_rt.jar=53420:C:\Program Files\JetBrains\IntelliJ IDEA Community Edition 2021.2.3\bin -Dfile.encoding=UTF-8 
java_command: com.company.Main
java_class_path (initial): C:\Users\Лев\Desktop\Проекты\Проекты java\Tic-Tac-Toe\out\production\Tic-Tac-Toe
Launcher Type: SUN_STANDARD

[Global flags]
     intx CICompilerCount                          = 4                                         {product} {ergonomic}
     uint ConcGCThreads                            = 3                                         {product} {ergonomic}
     uint G1ConcRefinementThreads                  = 10                                        {product} {ergonomic}
   size_t G1HeapRegionSize                         = 2097152                                   {product} {ergonomic}
    uintx GCDrainStackTargetSize                   = 64                                        {product} {ergonomic}
   size_t InitialHeapSize                          = 268435456                                 {product} {ergonomic}
   size_t MarkStackSize                            = 4194304                                   {product} {ergonomic}
   size_t MaxHeapSize                              = 4269801472                                {product} {ergonomic}
   size_t MinHeapDeltaBytes                        = 2097152                                   {product} {ergonomic}
   size_t MinHeapSize                              = 8388608                                   {product} {ergonomic}
    uintx NonNMethodCodeHeapSize                   = 5839372                                {pd product} {ergonomic}
    uintx NonProfiledCodeHeapSize                  = 122909434                              {pd product} {ergonomic}
    uintx ProfiledCodeHeapSize                     = 122909434                              {pd product} {ergonomic}
    uintx ReservedCodeCacheSize                    = 251658240                              {pd product} {ergonomic}
     bool SegmentedCodeCache                       = true                                      {product} {ergonomic}
   size_t SoftMaxHeapSize                          = 4269801472                             {manageable} {ergonomic}
     bool UseCompressedClassPointers               = true                           {product lp64_product} {ergonomic}
     bool UseCompressedOops                        = true                           {product lp64_product} {ergonomic}
     bool UseG1GC                                  = true                                      {product} {ergonomic}
     bool UseLargePagesIndividualAllocation        = false                                  {pd product} {ergonomic}

Logging:
Log output configuration:
 #0: stdout all=warning uptime,level,tags
 #1: stderr all=off uptime,level,tags

Environment Variables:
JAVA_HOME=C:\Program Files\Java\jdk-17.0.1
PATH=C:\Program Files\Microsoft\jdk-11.0.12.7-hotspot\bin;C:\Program Files (x86)\Common Files\Intel\Shared Libraries\redist\intel64\compiler;C:\Program Files\Common Files\Oracle\Java\javapath;C:\Program Files\Python310\Scripts\;C:\Program Files\Python310\;C:\Windows\system32;C:\Windows;C:\Windows\System32\Wbem;C:\Windows\System32\WindowsPowerShell\v1.0\;C:\Windows\System32\OpenSSH\;C:\Program Files (x86)\NVIDIA Corporation\PhysX\Common;C:\Program Files\NVIDIA Corporation\NVIDIA NvDLISR;C:\Program Files (x86)\dotnet\;C:\Program Files\Java\jdk-17.0.1;C:\Program Files (x86)\Common Files\Intel\Shared Libraries\redist\intel64_win\compiler;C:\Users\Лев\AppData\Local\Microsoft\WindowsApps;;C:\Program Files\JetBrains\IntelliJ IDEA Community Edition 2021.2.3\bin;;C:\Program Files (x86)\Jar2Exe Wizard\
USERNAME=Лев
OS=Windows_NT
PROCESSOR_IDENTIFIER=Intel64 Family 6 Model 165 Stepping 3, GenuineIntel



---------------  S Y S T E M  ---------------

OS:
 Windows 10 , 64 bit Build 19041 (10.0.19041.1566)
OS uptime: 0 days 7:20 hours

CPU: total 12 (initial active 12) (6 cores per cpu, 2 threads per core) family 6 model 165 stepping 3 microcode 0xea, cx8, cmov, fxsr, ht, mmx, 3dnowpref, sse, sse2, sse3, ssse3, sse4.1, sse4.2, popcnt, lzcnt, tsc, tscinvbit, avx, avx2, aes, erms, clmul, bmi1, bmi2, adx, fma, vzeroupper, clflush, clflushopt

Memory: 4k page, system-wide physical 16280M (6860M free)
TotalPageFile size 65432M (AvailPageFile size 7M)
current process WorkingSet (physical memory assigned to process): 10M, peak: 10M
current process commit charge ("private bytes"): 324M, peak: 328M

vm_info: Java HotSpot(TM) 64-Bit Server VM (17.0.1+12-LTS-39) for windows-amd64 JRE (17.0.1+12-LTS-39), built on Sep 27 2021 18:41:35 by "mach5one" with MS VC++ 16.8 (VS2019)

END.
